<?xml version="1.0" encoding="UTF-8"?>
<!-- Generated by org.testng.reporters.JUnitReportReporter -->
<testsuite hostname="ATMECSINDT-080" failures="0" tests="4" name="com.org.konakart.testscripts.HeroImagePage" time="20.565" errors="0" timestamp="15 Oct 2019 15:43:15 GMT" skipped="0">
  <testcase classname="com.org.konakart.testscripts.HeroImagePage" name="setup" time="15.640"/>
  <testcase classname="com.org.konakart.testscripts.HeroImagePage" name="clickOnHeroImage" time="4.612"/>
  <testcase classname="com.org.konakart.testscripts.HeroImagePage" name="validatetabsOfHeroImage" time="0.232"/>
  <testcase classname="com.org.konakart.testscripts.HeroImagePage" name="sortByActions" time="0.081"/>
</testsuite> <!-- com.org.konakart.testscripts.HeroImagePage -->
